::1 - - [22/Jan/2020:13:40:40 +0000] "GET /?page=3 HTTP/1.1" 200 - "http://localhost:3000/?page=2" "Mozilla/5.0 (Macintosh; Intel Mac OS X 10_15_2) AppleWebKit/537.36 (KHTML, like Gecko) Chrome/79.0.3945.88 Safari/537.36"
::1 - - [22/Jan/2020:13:40:40 +0000] "GET /css/main.css HTTP/1.1" 304 - "http://localhost:3000/?page=3" "Mozilla/5.0 (Macintosh; Intel Mac OS X 10_15_2) AppleWebKit/537.36 (KHTML, like Gecko) Chrome/79.0.3945.88 Safari/537.36"
::1 - - [22/Jan/2020:13:40:40 +0000] "GET /css/product.css HTTP/1.1" 304 - "http://localhost:3000/?page=3" "Mozilla/5.0 (Macintosh; Intel Mac OS X 10_15_2) AppleWebKit/537.36 (KHTML, like Gecko) Chrome/79.0.3945.88 Safari/537.36"
::1 - - [22/Jan/2020:13:40:40 +0000] "GET /js/main.js HTTP/1.1" 304 - "http://localhost:3000/?page=3" "Mozilla/5.0 (Macintosh; Intel Mac OS X 10_15_2) AppleWebKit/537.36 (KHTML, like Gecko) Chrome/79.0.3945.88 Safari/537.36"
::1 - - [22/Jan/2020:13:40:40 +0000] "GET /images/1578492251481-4.jpg HTTP/1.1" 304 - "http://localhost:3000/?page=3" "Mozilla/5.0 (Macintosh; Intel Mac OS X 10_15_2) AppleWebKit/537.36 (KHTML, like Gecko) Chrome/79.0.3945.88 Safari/537.36"
::1 - - [22/Jan/2020:13:40:53 +0000] "GET /?page=1 HTTP/1.1" 200 - "http://localhost:3000/?page=3" "Mozilla/5.0 (Macintosh; Intel Mac OS X 10_15_2) AppleWebKit/537.36 (KHTML, like Gecko) Chrome/79.0.3945.88 Safari/537.36"
::1 - - [22/Jan/2020:13:40:53 +0000] "GET /css/main.css HTTP/1.1" 304 - "http://localhost:3000/?page=1" "Mozilla/5.0 (Macintosh; Intel Mac OS X 10_15_2) AppleWebKit/537.36 (KHTML, like Gecko) Chrome/79.0.3945.88 Safari/537.36"
::1 - - [22/Jan/2020:13:40:53 +0000] "GET /css/product.css HTTP/1.1" 304 - "http://localhost:3000/?page=1" "Mozilla/5.0 (Macintosh; Intel Mac OS X 10_15_2) AppleWebKit/537.36 (KHTML, like Gecko) Chrome/79.0.3945.88 Safari/537.36"
::1 - - [22/Jan/2020:13:40:53 +0000] "GET /js/main.js HTTP/1.1" 304 - "http://localhost:3000/?page=1" "Mozilla/5.0 (Macintosh; Intel Mac OS X 10_15_2) AppleWebKit/537.36 (KHTML, like Gecko) Chrome/79.0.3945.88 Safari/537.36"
::1 - - [22/Jan/2020:13:40:53 +0000] "GET /images/1578476659607-3.jpeg HTTP/1.1" 304 - "http://localhost:3000/?page=1" "Mozilla/5.0 (Macintosh; Intel Mac OS X 10_15_2) AppleWebKit/537.36 (KHTML, like Gecko) Chrome/79.0.3945.88 Safari/537.36"
::1 - - [22/Jan/2020:13:50:33 +0000] "GET /?page=1 HTTP/1.1" 200 - "http://localhost:3000/?page=3" "Mozilla/5.0 (Macintosh; Intel Mac OS X 10_15_2) AppleWebKit/537.36 (KHTML, like Gecko) Chrome/79.0.3945.88 Safari/537.36"
::1 - - [22/Jan/2020:13:50:33 +0000] "GET /css/main.css HTTP/1.1" 304 - "http://localhost:3000/?page=1" "Mozilla/5.0 (Macintosh; Intel Mac OS X 10_15_2) AppleWebKit/537.36 (KHTML, like Gecko) Chrome/79.0.3945.88 Safari/537.36"
::1 - - [22/Jan/2020:13:50:33 +0000] "GET /css/product.css HTTP/1.1" 304 - "http://localhost:3000/?page=1" "Mozilla/5.0 (Macintosh; Intel Mac OS X 10_15_2) AppleWebKit/537.36 (KHTML, like Gecko) Chrome/79.0.3945.88 Safari/537.36"
::1 - - [22/Jan/2020:13:50:33 +0000] "GET /images/1578476659607-3.jpeg HTTP/1.1" 304 - "http://localhost:3000/?page=1" "Mozilla/5.0 (Macintosh; Intel Mac OS X 10_15_2) AppleWebKit/537.36 (KHTML, like Gecko) Chrome/79.0.3945.88 Safari/537.36"
::1 - - [22/Jan/2020:13:50:33 +0000] "GET /js/main.js HTTP/1.1" 304 - "http://localhost:3000/?page=1" "Mozilla/5.0 (Macintosh; Intel Mac OS X 10_15_2) AppleWebKit/537.36 (KHTML, like Gecko) Chrome/79.0.3945.88 Safari/537.36"
::1 - - [22/Jan/2020:13:50:46 +0000] "GET /?page=1 HTTP/1.1" 200 - "http://localhost:3000/?page=3" "Mozilla/5.0 (Macintosh; Intel Mac OS X 10_15_2) AppleWebKit/537.36 (KHTML, like Gecko) Chrome/79.0.3945.88 Safari/537.36"
::1 - - [22/Jan/2020:13:50:46 +0000] "GET /css/main.css HTTP/1.1" 304 - "http://localhost:3000/?page=1" "Mozilla/5.0 (Macintosh; Intel Mac OS X 10_15_2) AppleWebKit/537.36 (KHTML, like Gecko) Chrome/79.0.3945.88 Safari/537.36"
::1 - - [22/Jan/2020:13:50:46 +0000] "GET /css/product.css HTTP/1.1" 304 - "http://localhost:3000/?page=1" "Mozilla/5.0 (Macintosh; Intel Mac OS X 10_15_2) AppleWebKit/537.36 (KHTML, like Gecko) Chrome/79.0.3945.88 Safari/537.36"
::1 - - [22/Jan/2020:13:50:46 +0000] "GET /js/main.js HTTP/1.1" 304 - "http://localhost:3000/?page=1" "Mozilla/5.0 (Macintosh; Intel Mac OS X 10_15_2) AppleWebKit/537.36 (KHTML, like Gecko) Chrome/79.0.3945.88 Safari/537.36"
::1 - - [22/Jan/2020:13:50:46 +0000] "GET /images/1578476659607-3.jpeg HTTP/1.1" 304 - "http://localhost:3000/?page=1" "Mozilla/5.0 (Macintosh; Intel Mac OS X 10_15_2) AppleWebKit/537.36 (KHTML, like Gecko) Chrome/79.0.3945.88 Safari/537.36"
::1 - - [22/Jan/2020:13:50:47 +0000] "GET /products HTTP/1.1" 200 - "http://localhost:3000/?page=1" "Mozilla/5.0 (Macintosh; Intel Mac OS X 10_15_2) AppleWebKit/537.36 (KHTML, like Gecko) Chrome/79.0.3945.88 Safari/537.36"
::1 - - [22/Jan/2020:13:50:48 +0000] "GET /css/main.css HTTP/1.1" 304 - "http://localhost:3000/products" "Mozilla/5.0 (Macintosh; Intel Mac OS X 10_15_2) AppleWebKit/537.36 (KHTML, like Gecko) Chrome/79.0.3945.88 Safari/537.36"
::1 - - [22/Jan/2020:13:50:48 +0000] "GET /css/product.css HTTP/1.1" 304 - "http://localhost:3000/products" "Mozilla/5.0 (Macintosh; Intel Mac OS X 10_15_2) AppleWebKit/537.36 (KHTML, like Gecko) Chrome/79.0.3945.88 Safari/537.36"
::1 - - [22/Jan/2020:13:50:48 +0000] "GET /js/main.js HTTP/1.1" 304 - "http://localhost:3000/products" "Mozilla/5.0 (Macintosh; Intel Mac OS X 10_15_2) AppleWebKit/537.36 (KHTML, like Gecko) Chrome/79.0.3945.88 Safari/537.36"
::1 - - [22/Jan/2020:13:50:48 +0000] "GET /images/1578476659607-3.jpeg HTTP/1.1" 304 - "http://localhost:3000/products" "Mozilla/5.0 (Macintosh; Intel Mac OS X 10_15_2) AppleWebKit/537.36 (KHTML, like Gecko) Chrome/79.0.3945.88 Safari/537.36"
::1 - - [22/Jan/2020:13:51:00 +0000] "GET /products HTTP/1.1" 200 - "-" "Mozilla/5.0 (Macintosh; Intel Mac OS X 10_15_2) AppleWebKit/537.36 (KHTML, like Gecko) Chrome/79.0.3945.88 Safari/537.36"
::1 - - [22/Jan/2020:13:51:00 +0000] "GET /css/main.css HTTP/1.1" 304 - "http://localhost:3000/products" "Mozilla/5.0 (Macintosh; Intel Mac OS X 10_15_2) AppleWebKit/537.36 (KHTML, like Gecko) Chrome/79.0.3945.88 Safari/537.36"
::1 - - [22/Jan/2020:13:51:00 +0000] "GET /css/product.css HTTP/1.1" 304 - "http://localhost:3000/products" "Mozilla/5.0 (Macintosh; Intel Mac OS X 10_15_2) AppleWebKit/537.36 (KHTML, like Gecko) Chrome/79.0.3945.88 Safari/537.36"
::1 - - [22/Jan/2020:13:51:00 +0000] "GET /js/main.js HTTP/1.1" 304 - "http://localhost:3000/products" "Mozilla/5.0 (Macintosh; Intel Mac OS X 10_15_2) AppleWebKit/537.36 (KHTML, like Gecko) Chrome/79.0.3945.88 Safari/537.36"
::1 - - [22/Jan/2020:13:51:00 +0000] "GET /images/1578476659607-3.jpeg HTTP/1.1" 304 - "http://localhost:3000/products" "Mozilla/5.0 (Macintosh; Intel Mac OS X 10_15_2) AppleWebKit/537.36 (KHTML, like Gecko) Chrome/79.0.3945.88 Safari/537.36"
::1 - - [22/Jan/2020:13:51:12 +0000] "GET /cart HTTP/1.1" 200 - "http://localhost:3000/products" "Mozilla/5.0 (Macintosh; Intel Mac OS X 10_15_2) AppleWebKit/537.36 (KHTML, like Gecko) Chrome/79.0.3945.88 Safari/537.36"
::1 - - [22/Jan/2020:13:51:12 +0000] "GET /css/main.css HTTP/1.1" 304 - "http://localhost:3000/cart" "Mozilla/5.0 (Macintosh; Intel Mac OS X 10_15_2) AppleWebKit/537.36 (KHTML, like Gecko) Chrome/79.0.3945.88 Safari/537.36"
::1 - - [22/Jan/2020:13:51:12 +0000] "GET /js/main.js HTTP/1.1" 304 - "http://localhost:3000/cart" "Mozilla/5.0 (Macintosh; Intel Mac OS X 10_15_2) AppleWebKit/537.36 (KHTML, like Gecko) Chrome/79.0.3945.88 Safari/537.36"
::1 - - [22/Jan/2020:13:51:12 +0000] "GET /css/cart.css HTTP/1.1" 200 387 "http://localhost:3000/cart" "Mozilla/5.0 (Macintosh; Intel Mac OS X 10_15_2) AppleWebKit/537.36 (KHTML, like Gecko) Chrome/79.0.3945.88 Safari/537.36"
::1 - - [22/Jan/2020:13:51:14 +0000] "GET /orders HTTP/1.1" 200 - "http://localhost:3000/cart" "Mozilla/5.0 (Macintosh; Intel Mac OS X 10_15_2) AppleWebKit/537.36 (KHTML, like Gecko) Chrome/79.0.3945.88 Safari/537.36"
::1 - - [22/Jan/2020:13:51:14 +0000] "GET /css/main.css HTTP/1.1" 304 - "http://localhost:3000/orders" "Mozilla/5.0 (Macintosh; Intel Mac OS X 10_15_2) AppleWebKit/537.36 (KHTML, like Gecko) Chrome/79.0.3945.88 Safari/537.36"
::1 - - [22/Jan/2020:13:51:14 +0000] "GET /js/main.js HTTP/1.1" 304 - "http://localhost:3000/orders" "Mozilla/5.0 (Macintosh; Intel Mac OS X 10_15_2) AppleWebKit/537.36 (KHTML, like Gecko) Chrome/79.0.3945.88 Safari/537.36"
::1 - - [22/Jan/2020:13:51:14 +0000] "GET /css/orders.css HTTP/1.1" 200 419 "http://localhost:3000/orders" "Mozilla/5.0 (Macintosh; Intel Mac OS X 10_15_2) AppleWebKit/537.36 (KHTML, like Gecko) Chrome/79.0.3945.88 Safari/537.36"
::1 - - [22/Jan/2020:13:51:15 +0000] "GET /admin/add-product HTTP/1.1" 200 - "http://localhost:3000/orders" "Mozilla/5.0 (Macintosh; Intel Mac OS X 10_15_2) AppleWebKit/537.36 (KHTML, like Gecko) Chrome/79.0.3945.88 Safari/537.36"
::1 - - [22/Jan/2020:13:51:16 +0000] "GET /css/main.css HTTP/1.1" 304 - "http://localhost:3000/admin/add-product" "Mozilla/5.0 (Macintosh; Intel Mac OS X 10_15_2) AppleWebKit/537.36 (KHTML, like Gecko) Chrome/79.0.3945.88 Safari/537.36"
::1 - - [22/Jan/2020:13:51:16 +0000] "GET /css/product.css HTTP/1.1" 304 - "http://localhost:3000/admin/add-product" "Mozilla/5.0 (Macintosh; Intel Mac OS X 10_15_2) AppleWebKit/537.36 (KHTML, like Gecko) Chrome/79.0.3945.88 Safari/537.36"
::1 - - [22/Jan/2020:13:51:16 +0000] "GET /css/forms.css HTTP/1.1" 200 450 "http://localhost:3000/admin/add-product" "Mozilla/5.0 (Macintosh; Intel Mac OS X 10_15_2) AppleWebKit/537.36 (KHTML, like Gecko) Chrome/79.0.3945.88 Safari/537.36"
::1 - - [22/Jan/2020:13:51:16 +0000] "GET /js/main.js HTTP/1.1" 304 - "http://localhost:3000/admin/add-product" "Mozilla/5.0 (Macintosh; Intel Mac OS X 10_15_2) AppleWebKit/537.36 (KHTML, like Gecko) Chrome/79.0.3945.88 Safari/537.36"
::1 - - [22/Jan/2020:13:51:19 +0000] "POST /logout HTTP/1.1" 302 46 "http://localhost:3000/admin/add-product" "Mozilla/5.0 (Macintosh; Intel Mac OS X 10_15_2) AppleWebKit/537.36 (KHTML, like Gecko) Chrome/79.0.3945.88 Safari/537.36"
::1 - - [22/Jan/2020:13:51:20 +0000] "GET / HTTP/1.1" 200 - "http://localhost:3000/admin/add-product" "Mozilla/5.0 (Macintosh; Intel Mac OS X 10_15_2) AppleWebKit/537.36 (KHTML, like Gecko) Chrome/79.0.3945.88 Safari/537.36"
::1 - - [22/Jan/2020:13:51:20 +0000] "GET /css/main.css HTTP/1.1" 304 - "http://localhost:3000/" "Mozilla/5.0 (Macintosh; Intel Mac OS X 10_15_2) AppleWebKit/537.36 (KHTML, like Gecko) Chrome/79.0.3945.88 Safari/537.36"
::1 - - [22/Jan/2020:13:51:20 +0000] "GET /css/product.css HTTP/1.1" 304 - "http://localhost:3000/" "Mozilla/5.0 (Macintosh; Intel Mac OS X 10_15_2) AppleWebKit/537.36 (KHTML, like Gecko) Chrome/79.0.3945.88 Safari/537.36"
::1 - - [22/Jan/2020:13:51:20 +0000] "GET /js/main.js HTTP/1.1" 304 - "http://localhost:3000/" "Mozilla/5.0 (Macintosh; Intel Mac OS X 10_15_2) AppleWebKit/537.36 (KHTML, like Gecko) Chrome/79.0.3945.88 Safari/537.36"
::1 - - [22/Jan/2020:13:51:20 +0000] "GET /images/1578476659607-3.jpeg HTTP/1.1" 304 - "http://localhost:3000/" "Mozilla/5.0 (Macintosh; Intel Mac OS X 10_15_2) AppleWebKit/537.36 (KHTML, like Gecko) Chrome/79.0.3945.88 Safari/537.36"
::1 - - [22/Jan/2020:13:51:23 +0000] "GET /?page=2 HTTP/1.1" 200 - "http://localhost:3000/" "Mozilla/5.0 (Macintosh; Intel Mac OS X 10_15_2) AppleWebKit/537.36 (KHTML, like Gecko) Chrome/79.0.3945.88 Safari/537.36"
::1 - - [22/Jan/2020:13:51:23 +0000] "GET /css/main.css HTTP/1.1" 304 - "http://localhost:3000/?page=2" "Mozilla/5.0 (Macintosh; Intel Mac OS X 10_15_2) AppleWebKit/537.36 (KHTML, like Gecko) Chrome/79.0.3945.88 Safari/537.36"
::1 - - [22/Jan/2020:13:51:23 +0000] "GET /css/product.css HTTP/1.1" 304 - "http://localhost:3000/?page=2" "Mozilla/5.0 (Macintosh; Intel Mac OS X 10_15_2) AppleWebKit/537.36 (KHTML, like Gecko) Chrome/79.0.3945.88 Safari/537.36"
::1 - - [22/Jan/2020:13:51:23 +0000] "GET /js/main.js HTTP/1.1" 304 - "http://localhost:3000/?page=2" "Mozilla/5.0 (Macintosh; Intel Mac OS X 10_15_2) AppleWebKit/537.36 (KHTML, like Gecko) Chrome/79.0.3945.88 Safari/537.36"
::1 - - [22/Jan/2020:13:51:23 +0000] "GET /images/1578476621511-3.jpeg HTTP/1.1" 304 - "http://localhost:3000/?page=2" "Mozilla/5.0 (Macintosh; Intel Mac OS X 10_15_2) AppleWebKit/537.36 (KHTML, like Gecko) Chrome/79.0.3945.88 Safari/537.36"
::1 - - [22/Jan/2020:13:51:26 +0000] "GET /?page=2 HTTP/1.1" 304 - "http://localhost:3000/" "Mozilla/5.0 (Macintosh; Intel Mac OS X 10_15_2) AppleWebKit/537.36 (KHTML, like Gecko) Chrome/79.0.3945.88 Safari/537.36"
::1 - - [22/Jan/2020:13:51:26 +0000] "GET /css/main.css HTTP/1.1" 304 - "http://localhost:3000/?page=2" "Mozilla/5.0 (Macintosh; Intel Mac OS X 10_15_2) AppleWebKit/537.36 (KHTML, like Gecko) Chrome/79.0.3945.88 Safari/537.36"
::1 - - [22/Jan/2020:13:51:26 +0000] "GET /css/product.css HTTP/1.1" 304 - "http://localhost:3000/?page=2" "Mozilla/5.0 (Macintosh; Intel Mac OS X 10_15_2) AppleWebKit/537.36 (KHTML, like Gecko) Chrome/79.0.3945.88 Safari/537.36"
::1 - - [22/Jan/2020:13:51:26 +0000] "GET /js/main.js HTTP/1.1" 304 - "http://localhost:3000/?page=2" "Mozilla/5.0 (Macintosh; Intel Mac OS X 10_15_2) AppleWebKit/537.36 (KHTML, like Gecko) Chrome/79.0.3945.88 Safari/537.36"
::1 - - [22/Jan/2020:13:51:26 +0000] "GET /images/1578476621511-3.jpeg HTTP/1.1" 304 - "http://localhost:3000/?page=2" "Mozilla/5.0 (Macintosh; Intel Mac OS X 10_15_2) AppleWebKit/537.36 (KHTML, like Gecko) Chrome/79.0.3945.88 Safari/537.36"
::1 - - [22/Jan/2020:13:51:27 +0000] "GET /?page=2 HTTP/1.1" 304 - "http://localhost:3000/" "Mozilla/5.0 (Macintosh; Intel Mac OS X 10_15_2) AppleWebKit/537.36 (KHTML, like Gecko) Chrome/79.0.3945.88 Safari/537.36"
::1 - - [22/Jan/2020:13:51:27 +0000] "GET /css/main.css HTTP/1.1" 304 - "http://localhost:3000/?page=2" "Mozilla/5.0 (Macintosh; Intel Mac OS X 10_15_2) AppleWebKit/537.36 (KHTML, like Gecko) Chrome/79.0.3945.88 Safari/537.36"
::1 - - [22/Jan/2020:13:51:27 +0000] "GET /css/product.css HTTP/1.1" 304 - "http://localhost:3000/?page=2" "Mozilla/5.0 (Macintosh; Intel Mac OS X 10_15_2) AppleWebKit/537.36 (KHTML, like Gecko) Chrome/79.0.3945.88 Safari/537.36"
::1 - - [22/Jan/2020:13:51:28 +0000] "GET /js/main.js HTTP/1.1" 304 - "http://localhost:3000/?page=2" "Mozilla/5.0 (Macintosh; Intel Mac OS X 10_15_2) AppleWebKit/537.36 (KHTML, like Gecko) Chrome/79.0.3945.88 Safari/537.36"
::1 - - [22/Jan/2020:13:51:28 +0000] "GET /images/1578476621511-3.jpeg HTTP/1.1" 304 - "http://localhost:3000/?page=2" "Mozilla/5.0 (Macintosh; Intel Mac OS X 10_15_2) AppleWebKit/537.36 (KHTML, like Gecko) Chrome/79.0.3945.88 Safari/537.36"
::1 - - [22/Jan/2020:13:51:28 +0000] "GET /?page=2 HTTP/1.1" 304 - "http://localhost:3000/" "Mozilla/5.0 (Macintosh; Intel Mac OS X 10_15_2) AppleWebKit/537.36 (KHTML, like Gecko) Chrome/79.0.3945.88 Safari/537.36"
::1 - - [22/Jan/2020:13:51:28 +0000] "GET /css/main.css HTTP/1.1" 304 - "http://localhost:3000/?page=2" "Mozilla/5.0 (Macintosh; Intel Mac OS X 10_15_2) AppleWebKit/537.36 (KHTML, like Gecko) Chrome/79.0.3945.88 Safari/537.36"
::1 - - [22/Jan/2020:13:51:28 +0000] "GET /css/product.css HTTP/1.1" 304 - "http://localhost:3000/?page=2" "Mozilla/5.0 (Macintosh; Intel Mac OS X 10_15_2) AppleWebKit/537.36 (KHTML, like Gecko) Chrome/79.0.3945.88 Safari/537.36"
::1 - - [22/Jan/2020:13:51:28 +0000] "GET /js/main.js HTTP/1.1" 304 - "http://localhost:3000/?page=2" "Mozilla/5.0 (Macintosh; Intel Mac OS X 10_15_2) AppleWebKit/537.36 (KHTML, like Gecko) Chrome/79.0.3945.88 Safari/537.36"
::1 - - [22/Jan/2020:13:51:28 +0000] "GET /images/1578476621511-3.jpeg HTTP/1.1" 304 - "http://localhost:3000/?page=2" "Mozilla/5.0 (Macintosh; Intel Mac OS X 10_15_2) AppleWebKit/537.36 (KHTML, like Gecko) Chrome/79.0.3945.88 Safari/537.36"
::1 - - [22/Jan/2020:13:54:24 +0000] "GET /products HTTP/1.1" 304 - "http://localhost:3000/" "Mozilla/5.0 (Macintosh; Intel Mac OS X 10_15_2) AppleWebKit/537.36 (KHTML, like Gecko) Chrome/79.0.3945.88 Safari/537.36"
::1 - - [22/Jan/2020:13:54:24 +0000] "GET /css/main.css HTTP/1.1" 304 - "http://localhost:3000/products" "Mozilla/5.0 (Macintosh; Intel Mac OS X 10_15_2) AppleWebKit/537.36 (KHTML, like Gecko) Chrome/79.0.3945.88 Safari/537.36"
::1 - - [22/Jan/2020:13:54:24 +0000] "GET /css/product.css HTTP/1.1" 304 - "http://localhost:3000/products" "Mozilla/5.0 (Macintosh; Intel Mac OS X 10_15_2) AppleWebKit/537.36 (KHTML, like Gecko) Chrome/79.0.3945.88 Safari/537.36"
::1 - - [22/Jan/2020:13:54:24 +0000] "GET /js/main.js HTTP/1.1" 304 - "http://localhost:3000/products" "Mozilla/5.0 (Macintosh; Intel Mac OS X 10_15_2) AppleWebKit/537.36 (KHTML, like Gecko) Chrome/79.0.3945.88 Safari/537.36"
::1 - - [22/Jan/2020:13:54:24 +0000] "GET /images/1578476659607-3.jpeg HTTP/1.1" 304 - "http://localhost:3000/products" "Mozilla/5.0 (Macintosh; Intel Mac OS X 10_15_2) AppleWebKit/537.36 (KHTML, like Gecko) Chrome/79.0.3945.88 Safari/537.36"
::1 - - [22/Jan/2020:14:31:48 +0000] "GET / HTTP/1.1" 304 - "-" "Mozilla/5.0 (Macintosh; Intel Mac OS X 10_15_2) AppleWebKit/537.36 (KHTML, like Gecko) Chrome/79.0.3945.88 Safari/537.36"
::1 - - [22/Jan/2020:14:31:48 +0000] "GET /css/main.css HTTP/1.1" 304 - "http://localhost:3000/" "Mozilla/5.0 (Macintosh; Intel Mac OS X 10_15_2) AppleWebKit/537.36 (KHTML, like Gecko) Chrome/79.0.3945.88 Safari/537.36"
::1 - - [22/Jan/2020:14:31:48 +0000] "GET /css/product.css HTTP/1.1" 304 - "http://localhost:3000/" "Mozilla/5.0 (Macintosh; Intel Mac OS X 10_15_2) AppleWebKit/537.36 (KHTML, like Gecko) Chrome/79.0.3945.88 Safari/537.36"
::1 - - [22/Jan/2020:14:31:48 +0000] "GET /js/main.js HTTP/1.1" 304 - "http://localhost:3000/" "Mozilla/5.0 (Macintosh; Intel Mac OS X 10_15_2) AppleWebKit/537.36 (KHTML, like Gecko) Chrome/79.0.3945.88 Safari/537.36"
::1 - - [22/Jan/2020:14:31:48 +0000] "GET /images/1578476659607-3.jpeg HTTP/1.1" 304 - "http://localhost:3000/" "Mozilla/5.0 (Macintosh; Intel Mac OS X 10_15_2) AppleWebKit/537.36 (KHTML, like Gecko) Chrome/79.0.3945.88 Safari/537.36"
